2020-07-19 20:47:45,770 INFO cn.chundou.blog.BlogApplication [main] No active profile set, falling back to default profiles: default
2020-07-19 20:47:48,158 INFO org.eclipse.jetty.server.Server [main] jetty-9.4.29.v20200521; built: 2020-05-21T17:20:40.598Z; git: 77c232aed8a45c818fd27232278d9f95a021095e; jvm 1.8.0_252-b09
2020-07-19 20:47:48,193 INFO org.eclipse.jetty.server.handler.ContextHandler.application [main] Initializing Spring embedded WebApplicationContext
2020-07-19 20:47:48,387 INFO org.eclipse.jetty.server.session [main] DefaultSessionIdManager workerName=node0
2020-07-19 20:47:48,387 INFO org.eclipse.jetty.server.session [main] No SessionScavenger set, using defaults
2020-07-19 20:47:48,389 INFO org.eclipse.jetty.server.session [main] node0 Scavenging every 660000ms
2020-07-19 20:47:48,402 INFO org.eclipse.jetty.server.handler.ContextHandler [main] Started o.s.b.w.e.j.JettyEmbeddedWebAppContext@77865933{application,/,[file:///C:/Users/Administrator/AppData/Local/Temp/jetty-docbase.9144990186248080124.8080/],AVAILABLE}
2020-07-19 20:47:48,403 INFO org.eclipse.jetty.server.Server [main] Started @7649ms
2020-07-19 20:47:49,058 INFO com.alibaba.druid.pool.DruidDataSource [main] {dataSource-1} inited
2020-07-19 20:47:49,097 INFO org.hibernate.jpa.internal.util.LogHelper [task-1] HHH000204: Processing PersistenceUnitInfo [name: default]
2020-07-19 20:47:49,146 INFO org.hibernate.Version [task-1] HHH000412: Hibernate ORM core version 5.4.17.Final
2020-07-19 20:47:49,292 INFO org.hibernate.annotations.common.Version [task-1] HCANN000001: Hibernate Commons Annotations {5.1.0.Final}
2020-07-19 20:47:49,407 INFO org.hibernate.dialect.Dialect [task-1] HHH000400: Using dialect: org.hibernate.dialect.MySQL8Dialect
2020-07-19 20:47:49,677 INFO org.hibernate.engine.transaction.jta.platform.internal.JtaPlatformInitiator [task-1] HHH000490: Using JtaPlatform implementation: [org.hibernate.engine.transaction.jta.platform.internal.NoJtaPlatform]
2020-07-19 20:47:49,690 INFO com.alibaba.druid.pool.DruidDataSource [main] {dataSource-1} closing ...
2020-07-19 20:47:49,692 INFO com.alibaba.druid.pool.DruidDataSource [main] {dataSource-1} closed
2020-07-19 20:47:49,694 INFO org.eclipse.jetty.server.session [main] node0 Stopped scavenging
2020-07-19 20:47:49,696 INFO org.eclipse.jetty.server.handler.ContextHandler [main] Stopped o.s.b.w.e.j.JettyEmbeddedWebAppContext@77865933{application,/,[file:///C:/Users/Administrator/AppData/Local/Temp/jetty-docbase.9144990186248080124.8080/],UNAVAILABLE}
2020-07-19 20:47:49,713 ERROR org.springframework.boot.SpringApplication [main] Application run failed
org.springframework.beans.factory.BeanCreationException: Error creating bean with name 'aliyunSmsConfig': Injection of autowired dependencies failed; nested exception is java.lang.IllegalArgumentException: Could not resolve placeholder 'ALIYUN_SMS_REGION_ID' in value "${ALIYUN_SMS_REGION_ID}"
	at org.springframework.beans.factory.annotation.AutowiredAnnotationBeanPostProcessor.postProcessProperties(AutowiredAnnotationBeanPostProcessor.java:405) ~[spring-beans-5.2.7.RELEASE.jar:5.2.7.RELEASE]
	at org.springframework.beans.factory.support.AbstractAutowireCapableBeanFactory.populateBean(AbstractAutowireCapableBeanFactory.java:1422) ~[spring-beans-5.2.7.RELEASE.jar:5.2.7.RELEASE]
	at org.springframework.beans.factory.support.AbstractAutowireCapableBeanFactory.doCreateBean(AbstractAutowireCapableBeanFactory.java:594) ~[spring-beans-5.2.7.RELEASE.jar:5.2.7.RELEASE]
	at org.springframework.beans.factory.support.AbstractAutowireCapableBeanFactory.createBean(AbstractAutowireCapableBeanFactory.java:517) ~[spring-beans-5.2.7.RELEASE.jar:5.2.7.RELEASE]
	at org.springframework.beans.factory.support.AbstractBeanFactory.lambda$doGetBean$0(AbstractBeanFactory.java:323) ~[spring-beans-5.2.7.RELEASE.jar:5.2.7.RELEASE]
	at org.springframework.beans.factory.support.DefaultSingletonBeanRegistry.getSingleton(DefaultSingletonBeanRegistry.java:226) ~[spring-beans-5.2.7.RELEASE.jar:5.2.7.RELEASE]
	at org.springframework.beans.factory.support.AbstractBeanFactory.doGetBean(AbstractBeanFactory.java:321) ~[spring-beans-5.2.7.RELEASE.jar:5.2.7.RELEASE]
	at org.springframework.beans.factory.support.AbstractBeanFactory.getBean(AbstractBeanFactory.java:202) ~[spring-beans-5.2.7.RELEASE.jar:5.2.7.RELEASE]
	at org.springframework.beans.factory.support.DefaultListableBeanFactory.preInstantiateSingletons(DefaultListableBeanFactory.java:893) ~[spring-beans-5.2.7.RELEASE.jar:5.2.7.RELEASE]
	at org.springframework.context.support.AbstractApplicationContext.finishBeanFactoryInitialization(AbstractApplicationContext.java:879) ~[spring-context-5.2.7.RELEASE.jar:5.2.7.RELEASE]
	at org.springframework.context.support.AbstractApplicationContext.refresh(AbstractApplicationContext.java:551) ~[spring-context-5.2.7.RELEASE.jar:5.2.7.RELEASE]
	at org.springframework.boot.web.servlet.context.ServletWebServerApplicationContext.refresh(ServletWebServerApplicationContext.java:143) ~[spring-boot-2.3.1.RELEASE.jar:2.3.1.RELEASE]
	at org.springframework.boot.SpringApplication.refresh(SpringApplication.java:758) [spring-boot-2.3.1.RELEASE.jar:2.3.1.RELEASE]
	at org.springframework.boot.SpringApplication.refresh(SpringApplication.java:750) [spring-boot-2.3.1.RELEASE.jar:2.3.1.RELEASE]
	at org.springframework.boot.SpringApplication.refreshContext(SpringApplication.java:397) [spring-boot-2.3.1.RELEASE.jar:2.3.1.RELEASE]
	at org.springframework.boot.SpringApplication.run(SpringApplication.java:315) [spring-boot-2.3.1.RELEASE.jar:2.3.1.RELEASE]
	at org.springframework.boot.SpringApplication.run(SpringApplication.java:1237) [spring-boot-2.3.1.RELEASE.jar:2.3.1.RELEASE]
	at org.springframework.boot.SpringApplication.run(SpringApplication.java:1226) [spring-boot-2.3.1.RELEASE.jar:2.3.1.RELEASE]
	at cn.chundou.blog.BlogApplication.main(BlogApplication.java:10) [classes/:na]
Caused by: java.lang.IllegalArgumentException: Could not resolve placeholder 'ALIYUN_SMS_REGION_ID' in value "${ALIYUN_SMS_REGION_ID}"
	at org.springframework.util.PropertyPlaceholderHelper.parseStringValue(PropertyPlaceholderHelper.java:178) ~[spring-core-5.2.7.RELEASE.jar:5.2.7.RELEASE]
	at org.springframework.util.PropertyPlaceholderHelper.replacePlaceholders(PropertyPlaceholderHelper.java:124) ~[spring-core-5.2.7.RELEASE.jar:5.2.7.RELEASE]
	at org.springframework.core.env.AbstractPropertyResolver.doResolvePlaceholders(AbstractPropertyResolver.java:239) ~[spring-core-5.2.7.RELEASE.jar:5.2.7.RELEASE]
	at org.springframework.core.env.AbstractPropertyResolver.resolveRequiredPlaceholders(AbstractPropertyResolver.java:210) ~[spring-core-5.2.7.RELEASE.jar:5.2.7.RELEASE]
	at org.springframework.context.support.PropertySourcesPlaceholderConfigurer.lambda$processProperties$0(PropertySourcesPlaceholderConfigurer.java:175) ~[spring-context-5.2.7.RELEASE.jar:5.2.7.RELEASE]
	at org.springframework.beans.factory.support.AbstractBeanFactory.resolveEmbeddedValue(AbstractBeanFactory.java:912) ~[spring-beans-5.2.7.RELEASE.jar:5.2.7.RELEASE]
	at org.springframework.beans.factory.support.DefaultListableBeanFactory.doResolveDependency(DefaultListableBeanFactory.java:1245) ~[spring-beans-5.2.7.RELEASE.jar:5.2.7.RELEASE]
	at org.springframework.beans.factory.support.DefaultListableBeanFactory.resolveDependency(DefaultListableBeanFactory.java:1224) ~[spring-beans-5.2.7.RELEASE.jar:5.2.7.RELEASE]
	at org.springframework.beans.factory.annotation.AutowiredAnnotationBeanPostProcessor$AutowiredFieldElement.inject(AutowiredAnnotationBeanPostProcessor.java:640) ~[spring-beans-5.2.7.RELEASE.jar:5.2.7.RELEASE]
	at org.springframework.beans.factory.annotation.InjectionMetadata.inject(InjectionMetadata.java:130) ~[spring-beans-5.2.7.RELEASE.jar:5.2.7.RELEASE]
	at org.springframework.beans.factory.annotation.AutowiredAnnotationBeanPostProcessor.postProcessProperties(AutowiredAnnotationBeanPostProcessor.java:399) ~[spring-beans-5.2.7.RELEASE.jar:5.2.7.RELEASE]
	... 18 common frames omitted
2020-07-19 20:51:52,865 INFO cn.chundou.blog.BlogApplication [main] No active profile set, falling back to default profiles: default
2020-07-19 20:51:54,014 INFO org.eclipse.jetty.server.Server [main] jetty-9.4.29.v20200521; built: 2020-05-21T17:20:40.598Z; git: 77c232aed8a45c818fd27232278d9f95a021095e; jvm 1.8.0_252-b09
2020-07-19 20:51:54,038 INFO org.eclipse.jetty.server.handler.ContextHandler.application [main] Initializing Spring embedded WebApplicationContext
2020-07-19 20:51:54,137 INFO org.eclipse.jetty.server.session [main] DefaultSessionIdManager workerName=node0
2020-07-19 20:51:54,138 INFO org.eclipse.jetty.server.session [main] No SessionScavenger set, using defaults
2020-07-19 20:51:54,139 INFO org.eclipse.jetty.server.session [main] node0 Scavenging every 660000ms
2020-07-19 20:51:54,147 INFO org.eclipse.jetty.server.handler.ContextHandler [main] Started o.s.b.w.e.j.JettyEmbeddedWebAppContext@77865933{application,/,[file:///C:/Users/Administrator/AppData/Local/Temp/jetty-docbase.839173079260626606.8080/],AVAILABLE}
2020-07-19 20:51:54,147 INFO org.eclipse.jetty.server.Server [main] Started @5210ms
2020-07-19 20:51:54,642 INFO com.alibaba.druid.pool.DruidDataSource [main] {dataSource-1} inited
2020-07-19 20:51:54,683 INFO org.hibernate.jpa.internal.util.LogHelper [task-1] HHH000204: Processing PersistenceUnitInfo [name: default]
2020-07-19 20:51:54,765 INFO org.hibernate.Version [task-1] HHH000412: Hibernate ORM core version 5.4.17.Final
2020-07-19 20:51:54,970 INFO org.hibernate.annotations.common.Version [task-1] HCANN000001: Hibernate Commons Annotations {5.1.0.Final}
2020-07-19 20:51:55,100 INFO org.hibernate.dialect.Dialect [task-1] HHH000400: Using dialect: org.hibernate.dialect.MySQL8Dialect
2020-07-19 20:51:55,336 WARN com.netflix.config.sources.URLConfigurationSource [main] No URLs will be polled as dynamic configuration sources.
2020-07-19 20:51:55,336 INFO com.netflix.config.sources.URLConfigurationSource [main] To enable URLs as dynamic configuration sources, define System property archaius.configurationSource.additionalUrls or make config.properties available on classpath.
2020-07-19 20:51:55,342 WARN com.netflix.config.sources.URLConfigurationSource [main] No URLs will be polled as dynamic configuration sources.
2020-07-19 20:51:55,342 INFO com.netflix.config.sources.URLConfigurationSource [main] To enable URLs as dynamic configuration sources, define System property archaius.configurationSource.additionalUrls or make config.properties available on classpath.
2020-07-19 20:51:55,365 INFO org.hibernate.engine.transaction.jta.platform.internal.JtaPlatformInitiator [task-1] HHH000490: Using JtaPlatform implementation: [org.hibernate.engine.transaction.jta.platform.internal.NoJtaPlatform]
2020-07-19 20:51:56,400 INFO org.eclipse.jetty.server.handler.ContextHandler.application [main] Initializing Spring DispatcherServlet 'dispatcherServlet'
2020-07-19 20:51:56,428 INFO org.eclipse.jetty.server.AbstractConnector [main] Started ServerConnector@5c77ba8f{HTTP/1.1, (http/1.1)}{0.0.0.0:8080}
2020-07-19 20:51:57,009 INFO cn.chundou.blog.BlogApplication [main] Started BlogApplication in 6.795 seconds (JVM running for 8.072)
